【2024-02-17 15:14:19,148】 文件名： xixunyun_cookie.py 函数入口： xixunyun_cookie.py 
 INFO - 开始处理数据库
【2024-02-17 15:14:19,149】 文件名： xixunyun_cookie.py 函数入口： xixunyun_cookie.py 
 INFO - ("检测到环境变量中拥有【2】个cookie")
开始格式化cookie
【2024-02-17 15:14:19,719】 文件名： xixunyun_cookie.py 函数入口： xixunyun_cookie.py 
 INFO - —————————————第1个———————————————
cookie: school_id=837,name=周锦涵,account=2143040218,model=XiaoMI 12,phone=18782209250,password=!321Zhoujinhan,time=9:00,moth=2024-01:2024-06,word_long=131,word_latit=232,word_name=四川省成都市郫都区三和街道,word_name_guishu=四川省成都市郫都区,home_latit=30.72243,home_long=104.0337,home_name=四川省成都市金牛区欢乐谷,home_name_guishu=四川省成都市金牛区西华大道16号,mothxiu=5,mac=98:9C:57:53:C7:0A
正在验证用户是否存在于数据库中
周锦涵 用户存在于数据库中
正在验证Token是否可用
用户Token已是激活状态
用户初次签到地址为：四川省成都市郫都区天骄路368号, 纬度：30.752192 经度：103.917729
用户基础数据已是最新

【2024-02-17 15:14:20,302】 文件名： xixunyun_cookie.py 函数入口： xixunyun_cookie.py 
 INFO - —————————————第2个———————————————
cookie: school_id=837,name=王旭东,account=2143040209,model=XiaoMi 13,phone=18113112062,password=040209,time=9:00,moth=2024-01:2024-06,word_long=103.91564,word_latit=30.754913,word_name=四川省成都市高新合作街道创新创业孵化基地,word_name_guishu=四川省成都市郫都区天骄路368号,home_latit=30.760293,home_long=103.906307,home_name=四川省成都市郫都区合信路与天映路交叉口西南方向81米青年公寓,home_name_guishu=四川省成都市郫都区合信路,mothxiu=4,mac=CA:DE:D9:FD:1E:F7
正在验证用户是否存在于数据库中
王旭东 用户存在于数据库中
正在验证Token是否可用
用户Token已是激活状态
用户初次签到地址为：四川省成都市郫都区隆府南巷76-附2号靠近中国工商银行(红光支行), 纬度：30.781885 经度：103.950059
用户基础数据已是最新

【2024-02-17 15:14:20,303】 文件名： xixunyun_cookie.py 函数入口： xixunyun_cookie.py 
 INFO - 数据库数据总报告
总共：2个
成功：2个
失败：0个

